# JRE version: Java(TM) SE Runtime Environment (7.0_80-b15) (build 1.7.0_80-b15)
# Java VM: Java HotSpot(TM) 64-Bit Server VM (24.80-b11 mixed mode windows-amd64 compressed oops)
Heap
 PSYoungGen      total 502272K, used 15354K [0x00000007d5e80000, 0x00000007ffd00000, 0x0000000800000000)
  eden space 501760K, 3% used [0x00000007d5e80000,0x00000007d6d7e868,0x00000007f4880000)
  from space 512K, 0% used [0x00000007f4880000,0x00000007f4880000,0x00000007f4900000)
  to   space 92160K, 0% used [0x00000007fa300000,0x00000007fa300000,0x00000007ffd00000)
 ParOldGen       total 509440K, used 73204K [0x0000000781c00000, 0x00000007a0d80000, 0x00000007d5e80000)
  object space 509440K, 14% used [0x0000000781c00000,0x000000078637d398,0x00000007a0d80000)
 PSPermGen       total 83968K, used 83967K [0x000000077ca00000, 0x0000000781c00000, 0x0000000781c00000)
  object space 83968K, 99% used [0x000000077ca00000,0x0000000781bffef8,0x0000000781c00000)
GC Heap History (10 events):
Event: 42.280 GC heap before
{Heap before GC invocations=26 (full 5):
 PSYoungGen      total 588288K, used 0K [0x00000007d5e80000, 0x0000000800000000, 0x0000000800000000)
  eden space 494592K, 0% used [0x00000007d5e80000,0x00000007d5e80000,0x00000007f4180000)
  from space 93696K, 0% used [0x00000007f4180000,0x00000007f4180000,0x00000007f9d00000)
  to   space 94208K, 0% used [0x00000007fa400000,0x00000007fa400000,0x0000000800000000)
 ParOldGen       total 286208K, used 82847K [0x0000000781c00000, 0x0000000793380000, 0x00000007d5e80000)
  object space 286208K, 28% used [0x0000000781c00000,0x0000000786ce7e68,0x0000000793380000)
 PSPermGen       total 83968K, used 83967K [0x000000077ca00000, 0x0000000781c00000, 0x0000000781c00000)
  object space 83968K, 99% used [0x000000077ca00000,0x0000000781bfff30,0x0000000781c00000)
Event: 42.708 GC heap after
Heap after GC invocations=26 (full 5):
 PSYoungGen      total 588288K, used 0K [0x00000007d5e80000, 0x0000000800000000, 0x0000000800000000)
  eden space 494592K, 0% used [0x00000007d5e80000,0x00000007d5e80000,0x00000007f4180000)
  from space 93696K, 0% used [0x00000007f4180000,0x00000007f4180000,0x00000007f9d00000)
  to   space 94208K, 0% used [0x00000007fa400000,0x00000007fa400000,0x0000000800000000)
 ParOldGen       total 336896K, used 73420K [0x0000000781c00000, 0x0000000796500000, 0x00000007d5e80000)
  object space 336896K, 21% used [0x0000000781c00000,0x00000007863b3020,0x0000000796500000)
 PSPermGen       total 83968K, used 83722K [0x000000077ca00000, 0x0000000781c00000, 0x0000000781c00000)
  object space 83968K, 99% used [0x000000077ca00000,0x0000000781bc2ad8,0x0000000781c00000)
}
Event: 42.815 GC heap before
{Heap before GC invocations=27 (full 5):
 PSYoungGen      total 588288K, used 21861K [0x00000007d5e80000, 0x0000000800000000, 0x0000000800000000)
  eden space 494592K, 4% used [0x00000007d5e80000,0x00000007d73d95b0,0x00000007f4180000)
  from space 93696K, 0% used [0x00000007f4180000,0x00000007f4180000,0x00000007f9d00000)
  to   space 94208K, 0% used [0x00000007fa400000,0x00000007fa400000,0x0000000800000000)
 ParOldGen       total 336896K, used 73420K [0x0000000781c00000, 0x0000000796500000, 0x00000007d5e80000)
  object space 336896K, 21% used [0x0000000781c00000,0x00000007863b3020,0x0000000796500000)
 PSPermGen       total 83968K, used 83967K [0x000000077ca00000, 0x0000000781c00000, 0x0000000781c00000)
  object space 83968K, 99% used [0x000000077ca00000,0x0000000781bfff18,0x0000000781c00000)
Event: 42.818 GC heap after
Heap after GC invocations=27 (full 5):
 PSYoungGen      total 595456K, used 128K [0x00000007d5e80000, 0x00000007fff80000, 0x0000000800000000)
  eden space 501760K, 0% used [0x00000007d5e80000,0x00000007d5e80000,0x00000007f4880000)
  from space 93696K, 0% used [0x00000007fa400000,0x00000007fa420000,0x00000007fff80000)
  to   space 93696K, 0% used [0x00000007f4880000,0x00000007f4880000,0x00000007fa400000)
 ParOldGen       total 336896K, used 73420K [0x0000000781c00000, 0x0000000796500000, 0x00000007d5e80000)
  object space 336896K, 21% used [0x0000000781c00000,0x00000007863b3020,0x0000000796500000)
 PSPermGen       total 83968K, used 83967K [0x000000077ca00000, 0x0000000781c00000, 0x0000000781c00000)
  object space 83968K, 99% used [0x000000077ca00000,0x0000000781bfff18,0x0000000781c00000)
}
Event: 42.818 GC heap before
{Heap before GC invocations=28 (full 6):
 PSYoungGen      total 595456K, used 128K [0x00000007d5e80000, 0x00000007fff80000, 0x0000000800000000)
  eden space 501760K, 0% used [0x00000007d5e80000,0x00000007d5e80000,0x00000007f4880000)
  from space 93696K, 0% used [0x00000007fa400000,0x00000007fa420000,0x00000007fff80000)
  to   space 93696K, 0% used [0x00000007f4880000,0x00000007f4880000,0x00000007fa400000)
 ParOldGen       total 336896K, used 73420K [0x0000000781c00000, 0x0000000796500000, 0x00000007d5e80000)
  object space 336896K, 21% used [0x0000000781c00000,0x00000007863b3020,0x0000000796500000)
 PSPermGen       total 83968K, used 83967K [0x000000077ca00000, 0x0000000781c00000, 0x0000000781c00000)
  object space 83968K, 99% used [0x000000077ca00000,0x0000000781bfff18,0x0000000781c00000)
Event: 43.048 GC heap after
Heap after GC invocations=28 (full 6):
 PSYoungGen      total 595456K, used 0K [0x00000007d5e80000, 0x00000007fff80000, 0x0000000800000000)
  eden space 501760K, 0% used [0x00000007d5e80000,0x00000007d5e80000,0x00000007f4880000)
  from space 93696K, 0% used [0x00000007fa400000,0x00000007fa400000,0x00000007fff80000)
  to   space 93696K, 0% used [0x00000007f4880000,0x00000007f4880000,0x00000007fa400000)
 ParOldGen       total 420864K, used 73207K [0x0000000781c00000, 0x000000079b700000, 0x00000007d5e80000)
  object space 420864K, 17% used [0x0000000781c00000,0x000000078637dcd8,0x000000079b700000)
 PSPermGen       total 83968K, used 83967K [0x000000077ca00000, 0x0000000781c00000, 0x0000000781c00000)
  object space 83968K, 99% used [0x000000077ca00000,0x0000000781bffef8,0x0000000781c00000)
}
Event: 43.048 GC heap before
{Heap before GC invocations=29 (full 6):
 PSYoungGen      total 595456K, used 0K [0x00000007d5e80000, 0x00000007fff80000, 0x0000000800000000)
  eden space 501760K, 0% used [0x00000007d5e80000,0x00000007d5e80000,0x00000007f4880000)
  from space 93696K, 0% used [0x00000007fa400000,0x00000007fa400000,0x00000007fff80000)
  to   space 93696K, 0% used [0x00000007f4880000,0x00000007f4880000,0x00000007fa400000)
 ParOldGen       total 420864K, used 73207K [0x0000000781c00000, 0x000000079b700000, 0x00000007d5e80000)
  object space 420864K, 17% used [0x0000000781c00000,0x000000078637dcd8,0x000000079b700000)
 PSPermGen       total 83968K, used 83967K [0x000000077ca00000, 0x0000000781c00000, 0x0000000781c00000)
  object space 83968K, 99% used [0x000000077ca00000,0x0000000781bffef8,0x0000000781c00000)
Event: 43.050 GC heap after
Heap after GC invocations=29 (full 6):
 PSYoungGen      total 502272K, used 0K [0x00000007d5e80000, 0x00000007ffd00000, 0x0000000800000000)
  eden space 501760K, 0% used [0x00000007d5e80000,0x00000007d5e80000,0x00000007f4880000)
  from space 512K, 0% used [0x00000007f4880000,0x00000007f4880000,0x00000007f4900000)
  to   space 92160K, 0% used [0x00000007fa300000,0x00000007fa300000,0x00000007ffd00000)
 ParOldGen       total 420864K, used 73207K [0x0000000781c00000, 0x000000079b700000, 0x00000007d5e80000)
  object space 420864K, 17% used [0x0000000781c00000,0x000000078637dcd8,0x000000079b700000)
 PSPermGen       total 83968K, used 83967K [0x000000077ca00000, 0x0000000781c00000, 0x0000000781c00000)
  object space 83968K, 99% used [0x000000077ca00000,0x0000000781bffef8,0x0000000781c00000)
}
Event: 43.051 GC heap before
{Heap before GC invocations=30 (full 7):
 PSYoungGen      total 502272K, used 0K [0x00000007d5e80000, 0x00000007ffd00000, 0x0000000800000000)
  eden space 501760K, 0% used [0x00000007d5e80000,0x00000007d5e80000,0x00000007f4880000)
  from space 512K, 0% used [0x00000007f4880000,0x00000007f4880000,0x00000007f4900000)
  to   space 92160K, 0% used [0x00000007fa300000,0x00000007fa300000,0x00000007ffd00000)
 ParOldGen       total 420864K, used 73207K [0x0000000781c00000, 0x000000079b700000, 0x00000007d5e80000)
  object space 420864K, 17% used [0x0000000781c00000,0x000000078637dcd8,0x000000079b700000)
 PSPermGen       total 83968K, used 83967K [0x000000077ca00000, 0x0000000781c00000, 0x0000000781c00000)
  object space 83968K, 99% used [0x000000077ca00000,0x0000000781bffef8,0x0000000781c00000)
Event: 43.250 GC heap after
Heap after GC invocations=30 (full 7):
 PSYoungGen      total 502272K, used 0K [0x00000007d5e80000, 0x00000007ffd00000, 0x0000000800000000)
  eden space 501760K, 0% used [0x00000007d5e80000,0x00000007d5e80000,0x00000007f4880000)
  from space 512K, 0% used [0x00000007f4880000,0x00000007f4880000,0x00000007f4900000)
  to   space 92160K, 0% used [0x00000007fa300000,0x00000007fa300000,0x00000007ffd00000)
 ParOldGen       total 509440K, used 73204K [0x0000000781c00000, 0x00000007a0d80000, 0x00000007d5e80000)
  object space 509440K, 14% used [0x0000000781c00000,0x000000078637d398,0x00000007a0d80000)
 PSPermGen       total 83968K, used 83967K [0x000000077ca00000, 0x0000000781c00000, 0x0000000781c00000)
  object space 83968K, 99% used [0x000000077ca00000,0x0000000781bffef8,0x0000000781c00000)
}

